Change Component Designator: OldDesignator=C4 NewDesignator=C6
Change Component Designator: OldDesignator=C? NewDesignator=C4
Change Component Designator: OldDesignator=C? NewDesignator=C5
Change Component Designator: OldDesignator=HL? NewDesignator=HL1
Change Component Designator: OldDesignator=HL? NewDesignator=HL2
Change Component Designator: OldDesignator=HL? NewDesignator=HL3
Change Component Designator: OldDesignator=R? NewDesignator=R2
Change Component Designator: OldDesignator=R? NewDesignator=R3
Change Component Designator: OldDesignator=R? NewDesignator=R4
Change Component Designator: OldDesignator=SB? NewDesignator=SB1
Change Component Designator: OldDesignator=U NewDesignator=U4
Change Component Designator: OldDesignator=Z NewDesignator=Z1
Change Net Name : Old Net Name=NetC4_1 New Net Name=NetC6_1
Change Net Name : Old Net Name=NetC?_1 New Net Name=NetC4_1
Change Net Name : Old Net Name=NetC?_2 New Net Name=NetC4_2
Change Net Name : Old Net Name=NetHL?_2 New Net Name=NetHL3_2
Added Pin To Net: NetName=NetC5_1 Pin=C5-1
Added Pin To Net: NetName=NetC5_1 Pin=U4-27
Added Net: Name=NetC5_1
Added Pin To Net: NetName=NetC5_2 Pin=C5-2
Added Pin To Net: NetName=NetC5_2 Pin=Z1-1
Added Net: Name=NetC5_2
Added Pin To Net: NetName=NetHL1_2 Pin=HL1-2
Added Pin To Net: NetName=NetHL1_2 Pin=R2-2
Added Net: Name=NetHL1_2
Added Pin To Net: NetName=NetHL2_2 Pin=HL2-2
Added Pin To Net: NetName=NetHL2_2 Pin=R3-2
Added Net: Name=NetHL2_2
Added Member To Class: ClassName=Scheme Member=Component C6 100ьн
Added Member To Class: ClassName=Scheme Member=Component HL1
Added Member To Class: ClassName=Scheme Member=Component HL3
Added Member To Class: ClassName=Scheme Member=Component R2 1k
Added Member To Class: ClassName=Scheme Member=Component R4 1k
