Change Physical Footprint: Designator=C1 Old Footprint=C0603 New Footprint=C0603
Change Physical Footprint: Designator=C2 Old Footprint=C0603 New Footprint=C0603
Change Physical Footprint: Designator=C3 Old Footprint=C0603 New Footprint=C0603
Change Physical Footprint: Designator=C4 Old Footprint=C0603 New Footprint=C0603
Change Physical Footprint: Designator=C5 Old Footprint=C0603 New Footprint=C0603
Change Physical Footprint: Designator=C6 Old Footprint=C0603 New Footprint=C0603
Change Physical Footprint: Designator=HL1 Old Footprint=1206_LED_GREEN New Footprint=1206_LED_GREEN
Change Physical Footprint: Designator=HL2 Old Footprint=1206_LED_GREEN New Footprint=1206_LED_GREEN
Change Physical Footprint: Designator=HL3 Old Footprint=1206_LED_GREEN New Footprint=1206_LED_GREEN
Change Physical Footprint: Designator=J1 Old Footprint=PLS-4 New Footprint=PLS-4
Change Physical Footprint: Designator=R1 Old Footprint=R0603 New Footprint=R0603
Change Physical Footprint: Designator=R2 Old Footprint=R0603 New Footprint=R0603
Change Physical Footprint: Designator=R3 Old Footprint=R0603 New Footprint=R0603
Change Physical Footprint: Designator=R4 Old Footprint=R0603 New Footprint=R0603
Change Physical Footprint: Designator=R5 Old Footprint=R0603 New Footprint=R0603
Change Physical Footprint: Designator=SB1 Old Footprint=1-1437565-6 New Footprint=1-1437565-6
Change Physical Footprint: Designator=U1 Old Footprint=SOT23-6 New Footprint=SOT23-6
Change Physical Footprint: Designator=U2 Old Footprint=SOT23-6 New Footprint=SOT23-6
Change Physical Footprint: Designator=U3 Old Footprint=SOT223_M New Footprint=SOT223_M
Change Physical Footprint: Cannot match pads with new footprint in component :U4 Footprint:LGA60C50P10X6_520X380X118
Change Physical Footprint: Designator=X1 Old Footprint=PLS-2 New Footprint=PLS-2
Change Physical Footprint: Designator=Z1 Old Footprint=SMD_quartz_resonator_3.2*1.5 New Footprint=SMD_quartz_resonator_3.2*1.5
