Added Component: Designator=C?(C0603)
Add component (AddParameter): Name = "Manufacturer"; Value = "-"; VariantName = "[No Variations]"
Add component (AddParameter): Name = "Name"; Value = "-"; VariantName = "[No Variations]"
Add component (AddParameter): Name = "TKE"; Value = "-"; VariantName = "[No Variations]"
Add component (AddParameter): Name = "Value"; Value = "120п‘"; VariantName = "[No Variations]"
Add component (AddParameter): Name = "Voltage"; Value = "-"; VariantName = "[No Variations]"
Added Component: Designator=C?(C0603)
Add component (AddParameter): Name = "Manufacturer"; Value = "-"; VariantName = "[No Variations]"
Add component (AddParameter): Name = "Name"; Value = "-"; VariantName = "[No Variations]"
Add component (AddParameter): Name = "TKE"; Value = "-"; VariantName = "[No Variations]"
Add component (AddParameter): Name = "Value"; Value = "120п‘"; VariantName = "[No Variations]"
Add component (AddParameter): Name = "Voltage"; Value = "-"; VariantName = "[No Variations]"
Added Component: Designator=HL?(1206_LED_GREEN)
Add component (AddParameter): Name = "Color"; Value = ""; VariantName = "[No Variations]"
Add component (AddParameter): Name = "Forward voltage; 25мј"; Value = "2,15¬"; VariantName = "[No Variations]"
Add component (AddParameter): Name = "Manufacturer"; Value = "KGB"; VariantName = "[No Variations]"
Add component (AddParameter): Name = "Max. forward current (continuous)"; Value = "25мј"; VariantName = "[No Variations]"
Add component (AddParameter): Name = "Name"; Value = ""; VariantName = "[No Variations]"
Add component (AddParameter): Name = "Package"; Value = "0603"; VariantName = "[No Variations]"
Added Component: Designator=HL?(1206_LED_GREEN)
Add component (AddParameter): Name = "Color"; Value = ""; VariantName = "[No Variations]"
Add component (AddParameter): Name = "Forward voltage; 25мј"; Value = "2,15¬"; VariantName = "[No Variations]"
Add component (AddParameter): Name = "Manufacturer"; Value = "KGB"; VariantName = "[No Variations]"
Add component (AddParameter): Name = "Max. forward current (continuous)"; Value = "25мј"; VariantName = "[No Variations]"
Add component (AddParameter): Name = "Name"; Value = ""; VariantName = "[No Variations]"
Add component (AddParameter): Name = "Package"; Value = "0603"; VariantName = "[No Variations]"
Added Component: Designator=HL?(1206_LED_GREEN)
Add component (AddParameter): Name = "Color"; Value = ""; VariantName = "[No Variations]"
Add component (AddParameter): Name = "Forward voltage; 25мј"; Value = "2,15¬"; VariantName = "[No Variations]"
Add component (AddParameter): Name = "Manufacturer"; Value = "KGB"; VariantName = "[No Variations]"
Add component (AddParameter): Name = "Max. forward current (continuous)"; Value = "25мј"; VariantName = "[No Variations]"
Add component (AddParameter): Name = "Name"; Value = ""; VariantName = "[No Variations]"
Add component (AddParameter): Name = "Package"; Value = "0603"; VariantName = "[No Variations]"
Added Component: Designator=R?(R0603)
Add component (AddParameter): Name = "Manufacturer"; Value = ""; VariantName = "[No Variations]"
Add component (AddParameter): Name = "Name"; Value = "ѕеремычка 0603"; VariantName = "[No Variations]"
Add component (AddParameter): Name = "Value"; Value = "1k"; VariantName = "[No Variations]"
Added Component: Designator=R?(R0603)
Add component (AddParameter): Name = "Manufacturer"; Value = ""; VariantName = "[No Variations]"
Add component (AddParameter): Name = "Name"; Value = "ѕеремычка 0603"; VariantName = "[No Variations]"
Add component (AddParameter): Name = "Value"; Value = "1k"; VariantName = "[No Variations]"
Added Component: Designator=R?(R0603)
Add component (AddParameter): Name = "Manufacturer"; Value = ""; VariantName = "[No Variations]"
Add component (AddParameter): Name = "Name"; Value = "ѕеремычка 0603"; VariantName = "[No Variations]"
Add component (AddParameter): Name = "Value"; Value = "1k"; VariantName = "[No Variations]"
Added Component: Designator=SB?(1-1437565-6)
Add component (AddParameter): Name = "Function"; Value = ""; VariantName = "[No Variations]"
Added Component: Designator=Z(SMD_quartz_resonator_3.2*1.5)
Added Pin To Net: NetName=GND Pin=HL?-1
Added Pin To Net: NetName=GND Pin=HL?-1
Added Pin To Net: NetName=GND Pin=HL?-1
Added Pin To Net: NetName=+5¬ Pin=R?-1
Added Pin To Net: NetName=RX Pin=R?-1
Added Pin To Net: NetName=TX Pin=R?-1
Added Pin To Net: NetName=GND Pin=SB?-1
Added Pin To Net: NetName=GND Pin=SB?-1
Added Pin To Net: NetName=GND Pin=SB?-3
Added Pin To Net: NetName=NetC?_1 Pin=C?-1
Added Pin To Net: NetName=NetC?_1 Pin=Z-2
Added Net: Name=NetC?_1
Add Net: Net with name "NetC?_1" already exists
Added Pin To Net: NetName=NetC?_2 Pin=C?-2
Added Pin To Net: NetName=NetC?_2 Pin=U-26
Added Net: Name=NetC?_2
Add Net: Net with name "NetC?_2" already exists
Added Pin To Net: NetName=NetHL?_2 Pin=HL?-2
Added Pin To Net: NetName=NetHL?_2 Pin=R?-2
Added Net: Name=NetHL?_2
Add Net: Net with name "NetHL?_2" already exists
Add Net: Net with name "NetHL?_2" already exists
Added Pin To Net: NetName=RESET Pin=R1-2
Added Pin To Net: NetName=RESET Pin=SB?-2
Added Pin To Net: NetName=RESET Pin=SB?-2
Added Pin To Net: NetName=RESET Pin=U-11
Added Net: Name=RESET
Added Member To Class: ClassName=Scheme Member=Component C? 120п‘
Added Member To Class: ClassName=Scheme Member=Component C? 120п‘
Added Member To Class: ClassName=Scheme Member=Component HL?
Added Member To Class: ClassName=Scheme Member=Component HL?
Added Member To Class: ClassName=Scheme Member=Component HL?
Added Member To Class: ClassName=Scheme Member=Component R? 1k
Added Member To Class: ClassName=Scheme Member=Component R? 1k
Added Member To Class: ClassName=Scheme Member=Component R? 1k
Added Member To Class: ClassName=Scheme Member=Component SB?
Added Member To Class: ClassName=Scheme Member=Component Z SMD_quartz_resonator_32.768kHz 3.2*1.5mm
